<?xml version="1.0" encoding="UTF-8"?>
<testng-results skipped="0" failed="0" ignored="0" total="1" passed="1">
  <reporter-output>
  </reporter-output>
  <suite name="Suite" duration-ms="7672" started-at="2020-04-11T02:27:10 PDT" finished-at="2020-04-11T02:27:18 PDT">
    <groups>
    </groups>
    <test name="Test" duration-ms="7672" started-at="2020-04-11T02:27:10 PDT" finished-at="2020-04-11T02:27:18 PDT">
      <class name="execution.Base">
        <test-method status="PASS" signature="startup()[pri:0, instance:execution.Base@4e7dc304]" name="startup" duration-ms="7640" started-at="2020-04-11T02:27:10 PDT" finished-at="2020-04-11T02:27:18 PDT">
          <reporter-output>
          </reporter-output>
        </test-method> <!-- startup -->
      </class> <!-- execution.Base -->
    </test> <!-- Test -->
  </suite> <!-- Suite -->
</testng-results>
